<?xml version="1.0" encoding="UTF-8"?>
<!-- Generated by org.testng.reporters.JUnitReportReporter -->
<testsuite skipped="0" hostname="DESKTOP-LE0RCJ6" name="testcases.Testcase3" tests="1" failures="0" timestamp="2020-08-24T18:17:13 IST" time="96.890" errors="0">
  <testcase name="validLogin" time="96.890" classname="testcases.Testcase3"/>
  <system-out/>
</testsuite> <!-- testcases.Testcase3 -->
