<?xml version="1.0" encoding="UTF-8"?>
<!-- Generated by org.testng.reporters.JUnitReportReporter -->
<testsuite skipped="0" hostname="DESKTOP-LE0RCJ6" name="testcases.Testcase1" tests="1" failures="0" timestamp="2020-08-24T17:39:56 IST" time="74.100" errors="0">
  <testcase name="validLogin" time="74.100" classname="testcases.Testcase1"/>
  <system-out/>
</testsuite> <!-- testcases.Testcase1 -->
