<?xml version="1.0" encoding="UTF-8"?>
<!-- Generated by org.testng.reporters.JUnitReportReporter -->
<testsuite skipped="0" hostname="DESKTOP-LE0RCJ6" name="testcases.Testcase2" tests="1" failures="0" timestamp="2020-08-24T18:39:36 IST" time="167.566" errors="0">
  <testcase name="invalidLogin" time="167.566" classname="testcases.Testcase2"/>
  <system-out/>
</testsuite> <!-- testcases.Testcase2 -->
